[04:30:10] [INFO]   [main.cpp:190]            Aurora initialized.
[04:30:11] [INFO]   [main.cpp:201]            Dll valid! Enjoy.
[04:30:11] [INFO]   [pointers.cpp:422]        Found FPTR
[04:30:11] [INFO]   [pattern_batch.cpp:27]    > [AURORA] > [HOOKED] > [ISS]  
[04:30:11] [INFO]   [pattern_batch.cpp:27]    > [AURORA] > [HOOKED] > [RI]  
[04:30:11] [INFO]   [pattern_batch.cpp:27]    > [AURORA] > [HOOKED] > [TC]  
[04:30:11] [INFO]   [pattern_batch.cpp:27]    > [AURORA] > [HOOKED] > [GS]  
[04:30:11] [INFO]   [pattern_batch.cpp:27]    > [AURORA] > [HOOKED] > [PF]  
[04:30:11] [INFO]   [pattern_batch.cpp:27]    > [AURORA] > [HOOKED] > [WP]  
[04:30:11] [INFO]   [pattern_batch.cpp:27]    > [AURORA] > [HOOKED] > [MGEA]  
[04:30:11] [INFO]   [pattern_batch.cpp:27]    > [AURORA] > [HOOKED] > [Get Net Player]  
[04:30:11] [INFO]   [pattern_batch.cpp:27]    > [AURORA] > [HOOKED] > [GLT]  
[04:30:11] [INFO]   [pattern_batch.cpp:27]    > [AURORA] > [HOOKED] > [VFX-WHL]  
[04:30:11] [INFO]   [pattern_batch.cpp:27]    > [AURORA] > [HOOKED] > [SP]  
[04:30:11] [INFO]   [pattern_batch.cpp:27]    > [AURORA] > [HOOKED] > [GSH]  
[04:30:11] [INFO]   [pattern_batch.cpp:27]    > [AURORA] > [HOOKED] > [ST]  
[04:30:11] [INFO]   [pattern_batch.cpp:27]    > [AURORA] > [HOOKED] > [N]  
[04:30:11] [INFO]   [pattern_batch.cpp:27]    > [AURORA] > [HOOKED] > [NH]  
[04:30:11] [INFO]   [pattern_batch.cpp:27]    > [AURORA] > [HOOKED] > [NPM]  
[04:30:11] [INFO]   [pattern_batch.cpp:27]    > [AURORA] > [HOOKED] > [RBB]   
[04:30:11] [INFO]   [pattern_batch.cpp:27]    > [AURORA] > [HOOKED] > [FV]  
[04:30:11] [INFO]   [pattern_batch.cpp:27]    > [AURORA] > [HOOKED] > [PTH]  
[04:30:11] [INFO]   [pattern_batch.cpp:27]    > [AURORA] > [HOOKED] > [SG]  
[04:30:11] [INFO]   [pattern_batch.cpp:27]    > [AURORA] > [HOOKED] > [RBWD]  
[04:30:11] [INFO]   [pattern_batch.cpp:27]    > [AURORA] > [HOOKED] > [RBA]  
[04:30:11] [INFO]   [pattern_batch.cpp:27]    > [AURORA] > [HOOKED] > [SC]  
[04:30:11] [INFO]   [pattern_batch.cpp:27]    > [AURORA] > [HOOKED] > [CGSHM]  
[04:30:11] [INFO]   [pattern_batch.cpp:27]    > [AURORA] > [HOOKED] > [WBI64]  
[04:30:11] [INFO]   [pattern_batch.cpp:27]    > [AURORA] > [HOOKED] > [WBI32]  
[04:30:11] [INFO]   [pattern_batch.cpp:27]    > [AURORA] > [HOOKED] > [WBB]  
[04:30:11] [INFO]   [pattern_batch.cpp:27]    > [AURORA] > [HOOKED] > [WBQ]  
[04:30:11] [INFO]   [pattern_batch.cpp:27]    > [AURORA] > [HOOKED] > [WBD]  
[04:30:11] [INFO]   [pattern_batch.cpp:27]    > [AURORA] > [HOOKED] > [GCP&SRGC]  
[04:30:11] [INFO]   [pattern_batch.cpp:27]    > [AURORA] > [HOOKED] > [RBS]  
[04:30:11] [INFO]   [pattern_batch.cpp:27]    > [AURORA] > [HOOKED] > [MSB]  
[04:30:11] [INFO]   [pattern_batch.cpp:27]    > [AURORA] > [HOOKED] > [RPI]  
[04:30:11] [INFO]   [pattern_batch.cpp:27]    > [AURORA] > [HOOKED] > [OMSP]  
[04:30:11] [INFO]   [pattern_batch.cpp:27]    > [AURORA] > [HOOKED] > [WBA]  
[04:30:11] [INFO]   [pattern_batch.cpp:27]    > [AURORA] > [HOOKED] > [REH]  
[04:30:11] [INFO]   [pattern_batch.cpp:27]    > [AURORA] > [HOOKED] > [MWL]  
[04:30:11] [INFO]   [pattern_batch.cpp:27]    > [AURORA] > [HOOKED] > [TJH]  
[04:30:11] [INFO]   [pattern_batch.cpp:27]    > [AURORA] > [HOOKED] > [NR]  
[04:30:11] [INFO]   [pattern_batch.cpp:27]    > [AURORA] > [HOOKED] > [SEA]  
[04:30:11] [INFO]   [pattern_batch.cpp:27]    > [AURORA] > [HOOKED] > [STOPVT]  
[04:30:11] [INFO]   [pattern_batch.cpp:27]    > [AURORA] > [HOOKED] > [MHT]  
[04:30:11] [INFO]   [pattern_batch.cpp:27]    > [AURORA] > [HOOKED] > [GEAT]   
[04:30:11] [INFO]   [pattern_batch.cpp:27]    > [AURORA] > [HOOKED] > [IMCD]  
[04:30:11] [INFO]   [pattern_batch.cpp:27]    > [AURORA] > [HOOKED] > [RCS/GSTFT/GNOFP/GNO/GSTI]  
[04:30:11] [INFO]   [pattern_batch.cpp:27]    > [AURORA] > [HOOKED] > [BE]  
[04:30:11] [INFO]   [pattern_batch.cpp:27]    > [AURORA] > [HOOKED] > [CNOM]  
[04:30:11] [INFO]   [pattern_batch.cpp:27]    > [AURORA] > [HOOKED] > [RCC]  
[04:30:11] [INFO]   [pattern_batch.cpp:27]    > [AURORA] > [HOOKED] > [FPC2]  
[04:30:11] [INFO]   [pattern_batch.cpp:27]    > [AURORA] > [HOOKED] > [IDC]  
[04:30:11] [INFO]   [pattern_batch.cpp:27]    > [AURORA] > [HOOKED] > [TSE]  
[04:30:11] [INFO]   [pattern_batch.cpp:27]    > [AURORA] > [HOOKED] > [CAD]  
[04:30:11] [INFO]   [pattern_batch.cpp:27]    > [AURORA] > [HOOKED] > [TPO]  
[04:30:11] [INFO]   [pattern_batch.cpp:27]    > [AURORA] > [HOOKED] > [GVGAS]  
[04:30:11] [INFO]   [pattern_batch.cpp:27]    > [AURORA] > [HOOKED] > [WPCDN]  
[04:30:11] [INFO]   [pattern_batch.cpp:27]    > [AURORA] > [HOOKED] > [NTQVMC]  
[04:30:11] [INFO]   [pattern_batch.cpp:27]    > [AURORA] > [HOOKED] > [CT]  
[04:30:11] [INFO]   [pattern_batch.cpp:27]    > [AURORA] > [HOOKED] > [GNED]  
[04:30:11] [INFO]   [pattern_batch.cpp:27]    > [AURORA] > [HOOKED] > [Clear Tasks]  
[04:30:11] [INFO]   [pattern_batch.cpp:27]    > [AURORA] > [HOOKED] > [AWIV]  
[04:30:11] [INFO]   [pattern_batch.cpp:27]    > [AURORA] > [HOOKED] > [RCB]  
[04:30:11] [INFO]   [pattern_batch.cpp:27]    > [AURORA] > [HOOKED] > [ICF]  
[04:30:11] [INFO]   [pattern_batch.cpp:27]    > [AURORA] > [HOOKED] > [VPMND]  
[04:30:11] [INFO]   [pattern_batch.cpp:27]    > [AURORA] > [HOOKED] > [Migrade]  
[04:30:11] [INFO]   [pattern_batch.cpp:27]    > [AURORA] > [HOOKED] > [DC]  
[04:30:11] [INFO]   [main.cpp:208]            < [AURORA] < [HOOKED] < [Pointers initialized.]
[04:30:11] [INFO]   [main.cpp:221]            < [AURORA] < [HOOKED] < [The game is already loaded.]
[04:30:11] [INFO]   [main.cpp:225]            < [AURORA] < [HOOKED] < [Renderer initialized.]
[04:30:11] [INFO]   [main.cpp:228]            < [AURORA] < [HOOKED] < [Fiber pool initialized.]
[04:30:11] [INFO]   [detour_hook.cpp:18]      Created hook 'Get label text hook'.
[04:30:11] [INFO]   [detour_hook.cpp:18]      Created hook 'Receive event'.
[04:30:11] [INFO]   [detour_hook.cpp:18]      Created hook 'SetCursorPos'.
[04:30:11] [INFO]   [detour_hook.cpp:18]      Created hook 'Script hook'.
[04:30:11] [INFO]   [detour_hook.cpp:18]      Created hook 'ConvertThreadToFiber'.
[04:30:11] [INFO]   [detour_hook.cpp:18]      Created hook 'Hook Fragment 2'.
[04:30:11] [INFO]   [detour_hook.cpp:18]      Created hook 'Task Jump'.
[04:30:11] [INFO]   [detour_hook.cpp:18]      Created hook 'Can Apply Data'.
[04:30:11] [INFO]   [detour_hook.cpp:18]      Created hook 'HRP'.
[04:30:11] [INFO]   [detour_hook.cpp:18]      Created hook 'RCC'.
[04:30:11] [INFO]   [detour_hook.cpp:18]      Created hook 'RCS'.
[04:30:11] [INFO]   [detour_hook.cpp:18]      Created hook 'HVPMN'.
[04:30:11] [INFO]   [detour_hook.cpp:18]      Created hook 'HGNE'.
[04:30:11] [INFO]   [detour_hook.cpp:18]      Created hook 'HTJ'.
[04:30:11] [INFO]   [detour_hook.cpp:18]      Created hook 'HIMC'.
[04:30:11] [INFO]   [detour_hook.cpp:18]      Created hook 'HDC'.
[04:30:11] [INFO]   [detour_hook.cpp:18]      Created hook 'HSTOPVT'.
[04:30:11] [INFO]   [detour_hook.cpp:18]      Created hook 'WPCD'.
[04:30:11] [INFO]   [main.cpp:231]            < [AURORA] < [HOOKED] < [Hooking initialized.]
[04:30:11] [INFO]   [main.cpp:234]            < [AURORA] < [HOOKED] < [Settings Loaded.]
[04:30:11] [INFO]   [vehicle.cpp:158]         < [AURORA] < [HOOKED] > [Vehicles.ini loaded.]
[04:30:11] [INFO]   [vehicle.cpp:170]         < [AURORA] < [HOOKED] > [Vehicle_class.ini loaded.]
[04:30:11] [INFO]   [main.cpp:246]            < [AURORA] < [HOOKED] < [Scripts registered.]
[04:30:11] [INFO]   [detour_hook.cpp:42]      Enabled hook 'Get label text hook'.
[04:30:11] [INFO]   [detour_hook.cpp:42]      Enabled hook 'SetCursorPos'.
[04:30:11] [INFO]   [detour_hook.cpp:42]      Enabled hook 'Hook Fragment 2'.
[04:30:11] [INFO]   [detour_hook.cpp:42]      Enabled hook 'Task Jump'.
[04:30:11] [INFO]   [detour_hook.cpp:42]      Enabled hook 'WPCD'.
[04:30:11] [INFO]   [detour_hook.cpp:42]      Enabled hook 'Receive event'.
[04:30:11] [INFO]   [detour_hook.cpp:42]      Enabled hook 'HRP'.
[04:30:12] [INFO]   [detour_hook.cpp:42]      Enabled hook 'RCC'.
[04:30:12] [INFO]   [detour_hook.cpp:42]      Enabled hook 'RCS'.
[04:30:12] [INFO]   [detour_hook.cpp:42]      Enabled hook 'HGNE'.
[04:30:12] [INFO]   [detour_hook.cpp:42]      Enabled hook 'HTJ'.
[04:30:12] [INFO]   [detour_hook.cpp:42]      Enabled hook 'HIMC'.
[04:30:12] [INFO]   [detour_hook.cpp:42]      Enabled hook 'HVPMN'.
[04:30:12] [INFO]   [detour_hook.cpp:42]      Enabled hook 'HDC'.
[04:30:12] [INFO]   [detour_hook.cpp:42]      Enabled hook 'HSTOPVT'.
[04:30:12] [INFO]   [detour_hook.cpp:42]      Enabled hook 'Script hook'.
[04:30:12] [INFO]   [detour_hook.cpp:42]      Enabled hook 'ConvertThreadToFiber'.
[04:30:12] [INFO]   [main.cpp:251]            < [AURORA] < [HOOKED] < [Hooking enabled.]
[04:30:40] [FATAL]  [script.cpp:18]           
	*******	 EXIT trigger caused by LOG(FATAL) entry: 
	"Exception Code: 0xE06D7363 Exception Offset: 0x6567C Fault Module Name: C:\WINDOWS\System32\KERNELBASE.dll
*******	STACKDUMP *******
stack dump [0]	
stack dump [1]	
stack dump [2]	
stack dump [3]	
stack dump [4]	
stack dump [5]	 _C_specific_handler
stack dump [6]	 _chkstk
stack dump [7]	 RtlFindCharInUnicodeString
stack dump [8]	 RtlRaiseException
stack dump [9]	 RaiseException
stack dump [10]	 CxxThrowException
stack dump [11]	
stack dump [12]	
stack dump [13]	
stack dump [14]	
stack dump [15]	
stack dump [16]	
stack dump [17]	
stack dump [18]	
stack dump [19]	
stack dump [20]	
stack dump [21]	 BaseThreadInitThunk
stack dump [22]	 RtlUserThreadStart

Exiting after fatal event  (FATAL). Fatal type:  SIGABRT
Log content flushed successfully to sink

"